Build started 3/19/2012 10:54:35 PM.
     1>Project "C:\git\wargameclient\M2tMLibrary.vcxproj" on node 2 (Build target(s)).
     1>InitializeBuildStatus:
         Touching "Debug\M2tMLibrary.unsuccessfulbuild".
       ClCompile:
         C:\Program Files (x86)\Microsoft Visual Studio 11.0\VC\bin\CL.exe /c /I./ /IC:\git\wargameclient\/Source/ /IC:\git\wargameclient\../External/boost_1_49_0/ /ZI /nologo /W3 /WX- /Od /Oy- /D _MBCS /Gm /EHsc /RTC1 /MDd /GS /fp:precise /Zc:wchar_t /Zc:forScope /Fo"Debug\\" /Fd"Debug\vc110.pdb" /Gd /TP /analyze- /errorReport:prompt Source\Render\drawShapes.cpp
         drawShapes.cpp
         C:\Program Files (x86)\Microsoft Visual Studio 11.0\VC\bin\CL.exe /c /I./ /I./Source /ZI /nologo /W3 /WX- /Od /Oy- /D _MBCS /Gm /EHsc /RTC1 /MDd /GS /fp:precise /Zc:wchar_t /Zc:forScope /Fo"Debug\\" /Fd"Debug\vc110.pdb" /Gd /TP /analyze- /errorReport:prompt Source\main.cpp
         main.cpp
       ManifestResourceCompile:
         All outputs are up-to-date.
       Link:
         C:\Program Files (x86)\Microsoft Visual Studio 11.0\VC\bin\link.exe /ERRORREPORT:PROMPT /OUT:"C:\git\wargameclient\Debug\M2tMLibrary.exe" /INCREMENTAL /NOLOGO /LIBPATH:C:\git\wargameclient\../External/boost_1_49_0/stage/lib/ glu32.lib SDL.lib SDLmain.lib SDL_image.lib SDL_ttf.lib opengl32.lib SDL_mixer.lib kernel32.lib user32.lib gdi32.lib winspool.lib comdlg32.lib advapi32.lib shell32.lib ole32.lib oleaut32.lib uuid.lib odbc32.lib odbccp32.lib /MANIFEST /ManifestFile:"Debug\M2tMLibrary.exe.intermediate.manifest" /MANIFESTUAC:"level='asInvoker' uiAccess='false'" /DEBUG /PDB:"C:\git\wargameclient\Debug\M2tMLibrary.pdb" /SUBSYSTEM:CONSOLE /TLBID:1 /DYNAMICBASE /NXCOMPAT /IMPLIB:"C:\git\wargameclient\Debug\M2tMLibrary.lib" /MACHINE:X86 /PROFILE /SAFESEH Debug\frameSwapper.obj
         Debug\sound.obj
         Debug\exampleCode.obj
         Debug\main.obj
         Debug\drawShapes.obj
         Debug\matrix.obj
         Debug\points.obj
         Debug\render.obj
         Debug\text.obj
         Debug\textures.obj
         Debug\generalUtility.obj
         Debug\notification.obj
         Debug\stopwatch.obj
         Debug\M2tMLibrary.exe.embed.manifest.res
     1>LINK : warning LNK4075: ignoring '/INCREMENTAL' due to '/PROFILE' specification
     1>frameSwapper.obj : warning LNK4075: ignoring '/EDITANDCONTINUE' due to '/OPT:LBR' specification
     1>MSVCRTD.lib(cinitexe.obj) : warning LNK4098: defaultlib 'msvcrt.lib' conflicts with use of other libs; use /NODEFAULTLIB:library
       Manifest:
         C:\Program Files (x86)\Windows Kits\8.0\bin\x86\mt.exe /nologo /verbose /out:"Debug\M2tMLibrary.exe.embed.manifest" /manifest Debug\M2tMLibrary.exe.intermediate.manifest
         All outputs are up-to-date.
       LinkEmbedManifest:
         All outputs are up-to-date.
         M2tMLibrary.vcxproj -> C:\git\wargameclient\Debug\M2tMLibrary.exe
       FinalizeBuildStatus:
         Deleting file "Debug\M2tMLibrary.unsuccessfulbuild".
         Touching "Debug\M2tMLibrary.lastbuildstate".
     1>Done Building Project "C:\git\wargameclient\M2tMLibrary.vcxproj" (Build target(s)).

Build succeeded.

Time Elapsed 00:00:12.31
