C:\git\wargameclient\Debug\cl.command.1.tlog
C:\git\wargameclient\Debug\CL.read.1.tlog
C:\git\wargameclient\Debug\CL.write.1.tlog
C:\GIT\WARGAMECLIENT\DEBUG\DRAWSHAPES.OBJ
C:\GIT\WARGAMECLIENT\DEBUG\EXAMPLECODE.OBJ
C:\GIT\WARGAMECLIENT\DEBUG\FRAMESWAPPER.OBJ
C:\GIT\WARGAMECLIENT\DEBUG\GENERALUTILITY.OBJ
C:\git\wargameclient\Debug\link.command.1.tlog
C:\git\wargameclient\Debug\link.read.1.tlog
C:\git\wargameclient\Debug\link.write.1.tlog
C:\git\wargameclient\Debug\link-cvtres.read.1.tlog
C:\git\wargameclient\Debug\link-cvtres.write.1.tlog
C:\GIT\WARGAMECLIENT\DEBUG\M2TMLIBRARY.EXE
C:\GIT\WARGAMECLIENT\DEBUG\M2TMLIBRARY.EXE.EMBED.MANIFEST
C:\GIT\WARGAMECLIENT\DEBUG\M2TMLIBRARY.EXE.EMBED.MANIFEST.RES
C:\GIT\WARGAMECLIENT\DEBUG\M2TMLIBRARY.EXE.INTERMEDIATE.MANIFEST
C:\GIT\WARGAMECLIENT\DEBUG\M2TMLIBRARY.PDB
C:\git\wargameclient\Debug\M2tMLibrary_manifest.rc
C:\GIT\WARGAMECLIENT\DEBUG\MAIN.OBJ
C:\GIT\WARGAMECLIENT\DEBUG\MATRIX.OBJ
C:\git\wargameclient\Debug\mt.command.1.tlog
C:\git\wargameclient\Debug\mt.read.1.tlog
C:\git\wargameclient\Debug\mt.write.1.tlog
C:\GIT\WARGAMECLIENT\DEBUG\NOTIFICATION.OBJ
C:\GIT\WARGAMECLIENT\DEBUG\POINTS.OBJ
C:\git\wargameclient\Debug\rc.command.1.tlog
C:\git\wargameclient\Debug\rc.read.1.tlog
C:\git\wargameclient\Debug\rc.write.1.tlog
C:\GIT\WARGAMECLIENT\DEBUG\RENDER.OBJ
C:\GIT\WARGAMECLIENT\DEBUG\SOUND.OBJ
C:\GIT\WARGAMECLIENT\DEBUG\STOPWATCH.OBJ
C:\GIT\WARGAMECLIENT\DEBUG\TEXT.OBJ
C:\GIT\WARGAMECLIENT\DEBUG\TEXTURES.OBJ
C:\git\wargameclient\Debug\vc110.idb
C:\GIT\WARGAMECLIENT\DEBUG\VC110.PDB
