Build started 3/19/2012 9:50:48 PM.
     1>Project "C:\git\wargameclient\M2tMLibrary.vcxproj" on node 2 (Build target(s)).
     1>InitializeBuildStatus:
         Creating "Release\M2tMLibrary.unsuccessfulbuild" because "AlwaysCreate" was specified.
       ClCompile:
         C:\Program Files (x86)\Microsoft Visual Studio 10.0\VC\bin\CL.exe /c /I./ /IC:\git\wargameclient\/Source/ /Zi /nologo /W3 /WX- /Od /Oi /Oy- /GL /D _MBCS /Gm- /EHsc /MD /GS /Gy /fp:precise /Zc:wchar_t /Zc:forScope /Fo"Release\\" /Fd"Release\vc100.pdb" /Gd /TP /analyze- /errorReport:prompt Source\Utility\stopwatch.cpp
         stopwatch.cpp
       Link:
         C:\Program Files (x86)\Microsoft Visual Studio 10.0\VC\bin\link.exe /ERRORREPORT:PROMPT /OUT:"C:\git\wargameclient\Release\M2tMLibrary.exe" /NOLOGO glu32.lib SDL.lib SDLmain.lib SDL_image.lib SDL_ttf.lib opengl32.lib SDL_mixer.lib kernel32.lib user32.lib gdi32.lib winspool.lib comdlg32.lib advapi32.lib shell32.lib ole32.lib oleaut32.lib uuid.lib odbc32.lib odbccp32.lib /MANIFEST /ManifestFile:"Release\M2tMLibrary.exe.intermediate.manifest" /MANIFESTUAC:"level='asInvoker' uiAccess='false'" /DEBUG /PDB:"C:\git\wargameclient\Release\M2tMLibrary.pdb" /SUBSYSTEM:WINDOWS /OPT:REF /OPT:ICF /LTCG /TLBID:1 /DYNAMICBASE /NXCOMPAT /IMPLIB:"C:\git\wargameclient\Release\M2tMLibrary.lib" /MACHINE:X86 Release\frameSwapper.obj
         Release\sound.obj
         Release\exampleCode.obj
         Release\main.obj
         Release\drawShapes.obj
         Release\matrix.obj
         Release\points.obj
         Release\render.obj
         Release\text.obj
         Release\textures.obj
         Release\generalUtility.obj
         Release\notification.obj
         Release\stopwatch.obj
         Generating code
         Finished generating code
         M2tMLibrary.vcxproj -> C:\git\wargameclient\Release\M2tMLibrary.exe
       Manifest:
         C:\Program Files (x86)\Microsoft SDKs\Windows\v7.0A\bin\mt.exe /nologo /verbose /outputresource:"C:\git\wargameclient\Release\M2tMLibrary.exe;#1" /manifest Release\M2tMLibrary.exe.intermediate.manifest
       FinalizeBuildStatus:
         Deleting file "Release\M2tMLibrary.unsuccessfulbuild".
         Touching "Release\M2tMLibrary.lastbuildstate".
     1>Done Building Project "C:\git\wargameclient\M2tMLibrary.vcxproj" (Build target(s)).

Build succeeded.

Time Elapsed 00:00:05.09
